model pretrained initialized
1
/isilon/datalake/cialab/scratch/cialab/Hao/miniconda3/envs/ear_video/lib/python3.8/site-packages/torch/utils/data/dataloader.py:558: UserWarning: This DataLoader will create 56 worker processes in total. Our suggested max number of worker in current system is 2, which is smaller than what this DataLoader is going to create. Please be aware that excessive worker creation might get DataLoader running slow or even freeze, lower the worker number to avoid potential slowness/freeze if necessary.
  warnings.warn(_create_warning_msg(
Exception ignored in: <function _MultiProcessingDataLoaderIter.__del__ at 0x1554975948b0>
Traceback (most recent call last):
  File "/isilon/datalake/cialab/scratch/cialab/Hao/miniconda3/envs/ear_video/lib/python3.8/site-packages/torch/utils/data/dataloader.py", line 1479, in __del__
    self._shutdown_workers()
  File "/isilon/datalake/cialab/scratch/cialab/Hao/miniconda3/envs/ear_video/lib/python3.8/site-packages/torch/utils/data/dataloader.py", line 1443, in _shutdown_workers
    w.join(timeout=_utils.MP_STATUS_CHECK_INTERVAL)
  File "/isilon/datalake/cialab/scratch/cialab/Hao/miniconda3/envs/ear_video/lib/python3.8/multiprocessing/process.py", line 149, in join
    res = self._popen.wait(timeout)
  File "/isilon/datalake/cialab/scratch/cialab/Hao/miniconda3/envs/ear_video/lib/python3.8/multiprocessing/popen_fork.py", line 44, in wait
    if not wait([self.sentinel], timeout):
  File "/isilon/datalake/cialab/scratch/cialab/Hao/miniconda3/envs/ear_video/lib/python3.8/multiprocessing/connection.py", line 931, in wait
    ready = selector.select(timeout)
  File "/isilon/datalake/cialab/scratch/cialab/Hao/miniconda3/envs/ear_video/lib/python3.8/selectors.py", line 415, in select
    fd_event_list = self._selector.poll(timeout)
KeyboardInterrupt: 
slurmstepd: error: Detected 1 oom_kill event in StepId=161988.0. Some of the step tasks have been OOM Killed.
srun: error: cia011: task 0: Out Of Memory
